2018-08-22 18:59:56,603 INFO request urlopen ok 
2018-08-22 18:59:57,162 INFO request urlopen ok 
2018-08-22 18:59:57,642 INFO request urlopen ok 
2018-08-22 18:59:57,944 INFO request urlopen ok 
2018-08-22 18:59:59,000 INFO request urlopen ok 
2018-08-22 18:59:59,394 INFO request urlopen ok 
2018-08-22 19:00:00,557 INFO request urlopen ok 
2018-08-22 19:00:00,801 INFO request urlopen ok 
2018-08-22 19:00:01,198 INFO request urlopen ok 
2018-08-22 19:00:01,487 INFO request urlopen ok 
2018-08-22 19:00:01,898 INFO request urlopen ok 
2018-08-22 19:00:02,177 INFO request urlopen ok 
2018-08-22 19:00:02,574 INFO request urlopen ok 
2018-08-22 19:00:02,853 INFO request urlopen ok 
2018-08-22 19:00:03,340 INFO request urlopen ok 
2018-08-22 19:00:03,856 INFO request urlopen ok 
2018-08-22 19:00:04,692 INFO request urlopen ok 
2018-08-22 19:00:05,105 INFO request urlopen ok 
2018-08-22 19:00:05,511 INFO request urlopen ok 
2018-08-22 19:00:05,804 INFO request urlopen ok 
2018-08-22 19:00:06,330 INFO request urlopen ok 
2018-08-22 19:00:06,579 INFO request urlopen ok 
2018-08-22 19:00:07,029 INFO request urlopen ok 
2018-08-22 19:00:07,317 INFO request urlopen ok 
2018-08-22 19:00:08,051 INFO request urlopen ok 
2018-08-22 19:01:33,980 INFO request urlopen ok 
2018-08-22 19:01:34,376 INFO request urlopen ok 
2018-08-22 19:01:35,560 INFO request urlopen ok 
2018-08-22 19:01:35,879 INFO request urlopen ok 
2018-08-22 19:01:36,447 INFO request urlopen ok 
2018-08-22 19:01:36,832 INFO request urlopen ok 
2018-08-22 19:01:37,986 INFO request urlopen ok 
2018-08-22 19:01:38,214 INFO request urlopen ok 
2018-08-22 19:01:40,025 INFO request urlopen ok 
2018-08-22 19:01:40,343 INFO request urlopen ok 
2018-08-22 19:01:41,592 INFO request urlopen ok 
2018-08-22 19:01:41,892 INFO request urlopen ok 
2018-08-22 19:01:42,322 INFO request urlopen ok 
2018-08-22 19:01:42,684 INFO request urlopen ok 
2018-08-22 19:01:43,636 INFO request urlopen ok 
2018-08-22 19:01:43,908 INFO request urlopen ok 
2018-08-22 19:01:44,693 INFO request urlopen ok 
2018-08-22 19:01:45,013 INFO request urlopen ok 
2018-08-22 19:01:45,767 INFO request urlopen ok 
2018-08-22 19:01:46,060 INFO request urlopen ok 
2018-08-22 19:01:46,438 INFO request urlopen ok 
2018-08-22 19:01:46,750 INFO request urlopen ok 
2018-08-22 19:01:47,282 INFO request urlopen ok 
2018-08-22 19:01:47,590 INFO request urlopen ok 
2018-08-22 19:01:48,168 INFO request urlopen ok 
2018-08-22 19:01:48,593 INFO request urlopen ok 
2018-08-22 19:01:49,921 INFO request urlopen ok 
2018-08-22 19:01:50,273 INFO request urlopen ok 
2018-08-22 19:01:51,117 INFO request urlopen ok 
2018-08-22 19:01:51,402 INFO request urlopen ok 
2018-08-22 19:01:53,558 INFO request urlopen ok 
2018-08-22 19:01:53,898 INFO request urlopen ok 
2018-08-22 19:01:57,250 INFO request urlopen ok 
2018-08-22 19:01:58,575 INFO request urlopen ok 
2018-08-22 19:01:59,558 INFO request urlopen ok 
2018-08-22 19:01:59,905 INFO request urlopen ok 
2018-08-22 19:02:01,575 INFO request urlopen ok 
2018-08-22 19:02:01,924 INFO request urlopen ok 
2018-08-22 19:02:03,003 INFO request urlopen ok 
2018-08-22 19:02:03,443 INFO request urlopen ok 
2018-08-22 19:02:03,858 INFO request urlopen ok 
2018-08-22 19:02:04,199 INFO request urlopen ok 
2018-08-22 19:02:04,756 INFO request urlopen ok 
2018-08-22 19:02:05,334 INFO request urlopen ok 
2018-08-22 19:02:05,774 INFO request urlopen ok 
2018-08-22 19:02:06,076 INFO request urlopen ok 
2018-08-22 19:02:06,485 INFO request urlopen ok 
2018-08-22 19:02:06,924 INFO request urlopen ok 
2018-08-22 19:02:08,262 INFO request urlopen ok 
2018-08-22 21:27:15,996 INFO request urlopen ok 
2018-08-22 21:27:16,434 INFO request urlopen ok 
2018-08-22 21:27:16,894 INFO request urlopen ok 
2018-08-22 21:27:17,156 INFO request urlopen ok 
2018-08-22 21:27:17,590 INFO request urlopen ok 
2018-08-22 21:27:18,034 INFO request urlopen ok 
2018-08-22 21:27:18,490 INFO request urlopen ok 
2018-08-22 21:27:18,749 INFO request urlopen ok 
2018-08-22 21:27:19,107 INFO request urlopen ok 
2018-08-22 21:27:19,500 INFO request urlopen ok 
2018-08-22 21:27:19,839 INFO request urlopen ok 
2018-08-22 21:27:20,099 INFO request urlopen ok 
2018-08-22 21:27:20,515 INFO request urlopen ok 
2018-08-22 21:27:20,792 INFO request urlopen ok 
2018-08-22 21:27:21,348 INFO request urlopen ok 
2018-08-22 21:27:21,563 INFO request urlopen ok 
2018-08-22 21:27:21,911 INFO request urlopen ok 
2018-08-22 21:27:22,256 INFO request urlopen ok 
2018-08-22 21:27:22,573 INFO request urlopen ok 
2018-08-22 21:27:22,845 INFO request urlopen ok 
2018-08-22 21:27:23,145 INFO request urlopen ok 
2018-08-22 21:27:23,374 INFO request urlopen ok 
2018-08-22 21:27:23,793 INFO request urlopen ok 
2018-08-22 21:27:24,081 INFO request urlopen ok 
2018-08-22 21:27:24,557 INFO request urlopen ok 
2018-08-23 10:23:01,424 INFO request urlopen ok 
2018-08-23 10:23:01,925 INFO request urlopen ok 
2018-08-23 10:23:02,297 INFO request urlopen ok 
2018-08-23 10:24:02,195 INFO request urlopen ok 
2018-08-23 10:24:02,652 INFO request urlopen ok 
2018-08-23 10:24:03,042 INFO request urlopen ok 
2018-08-23 14:16:22,347 INFO request urlopen ok 
2018-08-23 14:16:22,933 INFO request urlopen ok 
2018-08-23 14:16:23,598 INFO request urlopen ok 
2018-08-23 14:16:23,904 INFO request urlopen ok 
2018-08-23 14:16:24,400 INFO request urlopen ok 
2018-08-23 14:16:24,663 INFO request urlopen ok 
2018-08-23 14:16:25,158 INFO request urlopen ok 
2018-08-23 14:16:25,406 INFO request urlopen ok 
2018-08-23 14:16:25,836 INFO request urlopen ok 
2018-08-23 14:16:26,132 INFO request urlopen ok 
2018-08-23 14:16:26,579 INFO request urlopen ok 
2018-08-23 14:16:26,880 INFO request urlopen ok 
2018-08-23 14:16:27,346 INFO request urlopen ok 
2018-08-23 14:16:27,621 INFO request urlopen ok 
2018-08-23 14:16:28,687 INFO request urlopen ok 
2018-08-23 14:16:28,996 INFO request urlopen ok 
2018-08-23 14:16:29,786 INFO request urlopen ok 
2018-08-23 14:16:30,080 INFO request urlopen ok 
2018-08-23 14:16:30,489 INFO request urlopen ok 
2018-08-23 14:16:30,755 INFO request urlopen ok 
2018-08-23 14:16:31,130 INFO request urlopen ok 
2018-08-23 14:16:31,416 INFO request urlopen ok 
2018-08-23 14:16:31,792 INFO request urlopen ok 
2018-08-23 14:16:32,118 INFO request urlopen ok 
2018-08-23 14:16:33,233 INFO request urlopen ok 
2018-08-23 14:33:37,746 INFO request urlopen ok 
2018-08-23 14:36:21,463 INFO request urlopen ok 
2018-08-23 17:10:59,363 INFO request urlopen ok 
2018-08-23 17:11:00,163 INFO request urlopen ok 
2018-08-23 17:11:01,142 INFO request urlopen ok 
2018-08-23 17:11:01,506 INFO request urlopen ok 
2018-08-23 17:11:02,322 INFO request urlopen ok 
2018-08-23 17:11:02,706 INFO request urlopen ok 
2018-08-23 17:11:04,011 INFO request urlopen ok 
2018-08-23 17:11:04,563 INFO request urlopen ok 
2018-08-23 17:11:05,720 INFO request urlopen ok 
2018-08-23 17:11:06,396 INFO request urlopen ok 
2018-08-23 17:11:06,925 INFO request urlopen ok 
2018-08-23 17:11:07,232 INFO request urlopen ok 
2018-08-23 17:11:08,155 INFO request urlopen ok 
2018-08-23 17:11:09,256 INFO request urlopen ok 
2018-08-23 17:11:12,139 INFO request urlopen ok 
2018-08-23 17:11:13,096 INFO request urlopen ok 
2018-08-23 17:11:16,707 INFO request urlopen ok 
2018-08-23 17:11:17,219 INFO request urlopen ok 
2018-08-23 17:11:18,198 INFO request urlopen ok 
2018-08-23 17:11:18,527 INFO request urlopen ok 
2018-08-23 17:11:19,404 INFO request urlopen ok 
2018-08-23 17:11:19,769 INFO request urlopen ok 
2018-08-23 17:11:21,712 INFO request urlopen ok 
2018-08-23 17:11:22,180 INFO request urlopen ok 
2018-08-23 17:11:22,728 INFO request urlopen ok 
2018-08-23 17:13:10,976 INFO request urlopen ok 
2018-08-23 17:13:11,349 INFO request urlopen ok 
2018-08-23 17:13:13,414 INFO request urlopen ok 
2018-08-23 17:13:13,934 INFO request urlopen ok 
2018-08-23 17:13:14,655 INFO request urlopen ok 
2018-08-23 17:13:15,086 INFO request urlopen ok 
2018-08-23 17:13:15,943 INFO request urlopen ok 
2018-08-23 17:13:16,189 INFO request urlopen ok 
2018-08-23 17:13:18,916 INFO request urlopen ok 
2018-08-23 17:13:19,309 INFO request urlopen ok 
2018-08-23 17:13:21,352 INFO request urlopen ok 
2018-08-23 17:13:21,815 INFO request urlopen ok 
2018-08-23 17:13:22,314 INFO request urlopen ok 
2018-08-23 17:13:22,746 INFO request urlopen ok 
2018-08-23 17:13:24,124 INFO request urlopen ok 
2018-08-23 17:13:24,544 INFO request urlopen ok 
2018-08-23 17:13:25,260 INFO request urlopen ok 
2018-08-23 17:13:25,678 INFO request urlopen ok 
2018-08-23 17:13:26,172 INFO request urlopen ok 
2018-08-23 17:13:26,472 INFO request urlopen ok 
2018-08-23 17:13:26,963 INFO request urlopen ok 
2018-08-23 17:13:27,359 INFO request urlopen ok 
2018-08-23 17:13:27,922 INFO request urlopen ok 
2018-08-23 17:13:28,415 INFO request urlopen ok 
2018-08-23 17:13:29,099 INFO request urlopen ok 
2018-08-23 17:13:29,489 INFO request urlopen ok 
2018-08-23 17:13:31,016 INFO request urlopen ok 
2018-08-23 17:13:31,470 INFO request urlopen ok 
2018-08-23 17:13:33,911 INFO request urlopen ok 
2018-08-23 17:13:34,345 INFO request urlopen ok 
2018-08-23 17:13:38,464 INFO request urlopen ok 
2018-08-23 17:13:38,821 INFO request urlopen ok 
2018-08-23 17:13:42,728 INFO request urlopen ok 
2018-08-23 17:13:44,398 INFO request urlopen ok 
2018-08-23 17:13:46,131 INFO request urlopen ok 
2018-08-23 17:13:46,518 INFO request urlopen ok 
2018-08-23 17:13:48,354 INFO request urlopen ok 
2018-08-23 17:13:48,860 INFO request urlopen ok 
2018-08-23 17:13:50,892 INFO request urlopen ok 
2018-08-23 17:13:52,270 INFO request urlopen ok 
2018-08-23 17:13:52,771 INFO request urlopen ok 
2018-08-23 17:13:53,204 INFO request urlopen ok 
2018-08-23 17:13:54,318 INFO request urlopen ok 
2018-08-23 17:13:54,633 INFO request urlopen ok 
2018-08-23 17:13:55,084 INFO request urlopen ok 
2018-08-23 17:13:55,495 INFO request urlopen ok 
2018-08-23 17:13:56,182 INFO request urlopen ok 
2018-08-23 17:13:56,617 INFO request urlopen ok 
2018-08-23 17:13:57,962 INFO request urlopen ok 
2018-08-23 17:19:04,346 ERROR timed out 
2018-08-23 17:19:12,412 INFO request urlopen ok 
2018-08-23 17:19:13,003 INFO request urlopen ok 
2018-08-23 17:19:14,328 INFO request urlopen ok 
2018-08-23 17:19:14,708 INFO request urlopen ok 
2018-08-23 17:19:15,658 INFO request urlopen ok 
2018-08-23 17:19:16,308 INFO request urlopen ok 
2018-08-23 17:19:17,269 INFO request urlopen ok 
2018-08-23 17:19:17,936 INFO request urlopen ok 
2018-08-23 17:19:18,830 INFO request urlopen ok 
2018-08-23 17:19:19,464 INFO request urlopen ok 
2018-08-23 17:19:23,269 INFO request urlopen ok 
2018-08-23 17:19:24,301 INFO request urlopen ok 
2018-08-23 17:19:26,662 INFO request urlopen ok 
2018-08-23 17:19:26,930 INFO request urlopen ok 
2018-08-23 17:19:28,554 INFO request urlopen ok 
2018-08-23 17:19:28,927 INFO request urlopen ok 
2018-08-23 17:19:29,246 INFO request urlopen ok 
2018-08-23 17:19:30,193 INFO request urlopen ok 
2018-08-23 17:19:30,460 INFO request urlopen ok 
2018-08-23 17:19:30,932 INFO request urlopen ok 
2018-08-23 17:19:32,061 INFO request urlopen ok 
2018-08-23 17:19:32,603 INFO request urlopen ok 
2018-08-23 17:19:34,035 INFO request urlopen ok 
2018-08-23 17:19:34,371 INFO request urlopen ok 
2018-08-23 17:19:36,198 INFO request urlopen ok 
2018-08-23 17:19:36,205 INFO request urlopen ok 
2018-08-23 17:19:36,802 INFO request urlopen ok 
2018-08-23 17:19:42,300 INFO request urlopen ok 
2018-08-23 17:19:44,584 INFO request urlopen ok 
2018-08-23 17:19:46,774 INFO request urlopen ok 
2018-08-23 17:19:47,584 INFO request urlopen ok 
2018-08-23 17:19:49,884 INFO request urlopen ok 
2018-08-23 17:19:50,662 INFO request urlopen ok 
2018-08-23 17:19:56,870 INFO request urlopen ok 
2018-08-23 17:19:57,256 INFO request urlopen ok 
2018-08-23 17:19:59,536 INFO request urlopen ok 
2018-08-23 17:20:10,343 INFO request urlopen ok 
2018-08-23 17:20:10,776 INFO request urlopen ok 
2018-08-23 17:20:10,820 INFO request urlopen ok 
2018-08-23 17:20:17,130 INFO request urlopen ok 
2018-08-23 17:20:19,111 INFO request urlopen ok 
2018-08-23 17:20:21,081 INFO request urlopen ok 
2018-08-23 17:20:26,091 INFO request urlopen ok 
2018-08-23 17:20:31,752 INFO request urlopen ok 
2018-08-23 17:20:33,588 INFO request urlopen ok 
2018-08-23 17:20:34,495 INFO request urlopen ok 
2018-08-23 17:20:34,674 INFO request urlopen ok 
2018-08-23 17:20:34,887 INFO request urlopen ok 
2018-08-23 17:20:36,556 INFO request urlopen ok 
2018-08-23 17:20:37,146 INFO request urlopen ok 
2018-08-23 17:20:37,322 INFO request urlopen ok 
2018-08-23 17:20:37,823 INFO request urlopen ok 
2018-08-23 17:20:38,399 INFO request urlopen ok 
2018-08-23 17:20:39,005 INFO request urlopen ok 
2018-08-23 17:20:43,115 INFO request urlopen ok 
2018-08-23 17:20:43,805 INFO request urlopen ok 
2018-08-23 17:20:43,876 INFO request urlopen ok 
2018-08-23 17:20:44,908 INFO request urlopen ok 
2018-08-23 17:20:45,211 INFO request urlopen ok 
2018-08-23 17:20:46,694 INFO request urlopen ok 
2018-08-23 17:20:48,566 INFO request urlopen ok 
2018-08-23 17:20:48,991 INFO request urlopen ok 
2018-08-23 17:20:49,883 INFO request urlopen ok 
2018-08-23 17:20:51,190 INFO request urlopen ok 
2018-08-23 17:20:52,010 INFO request urlopen ok 
2018-08-23 17:20:52,135 INFO request urlopen ok 
2018-08-23 17:20:52,692 INFO request urlopen ok 
2018-08-23 17:20:53,305 INFO request urlopen ok 
2018-08-23 17:20:54,496 INFO request urlopen ok 
2018-08-23 17:20:55,549 INFO request urlopen ok 
2018-08-23 17:20:57,411 INFO request urlopen ok 
2018-08-23 17:20:57,764 INFO request urlopen ok 
2018-08-23 17:20:58,340 INFO request urlopen ok 
2018-08-23 17:20:59,048 INFO request urlopen ok 
2018-08-23 17:21:02,266 INFO request urlopen ok 
2018-08-23 17:21:02,847 INFO request urlopen ok 
2018-08-23 17:21:07,020 INFO request urlopen ok 
2018-08-23 17:21:07,833 INFO request urlopen ok 
2018-08-23 17:21:10,162 INFO request urlopen ok 
2018-08-23 17:21:10,168 INFO request urlopen ok 
2018-08-23 17:21:10,627 INFO request urlopen ok 
2018-08-23 17:21:12,503 INFO request urlopen ok 
2018-08-23 17:21:12,981 INFO request urlopen ok 
2018-08-23 17:21:16,949 INFO request urlopen ok 
2018-08-23 17:21:21,206 INFO request urlopen ok 
2018-08-23 17:21:22,646 INFO request urlopen ok 
2018-08-23 17:21:22,781 INFO request urlopen ok 
2018-08-23 17:21:23,140 INFO request urlopen ok 
2018-08-23 17:21:30,007 INFO request urlopen ok 
2018-08-23 17:21:31,011 INFO request urlopen ok 
2018-08-23 17:21:35,573 INFO request urlopen ok 
2018-08-23 17:21:36,409 INFO request urlopen ok 
2018-08-23 17:21:37,608 INFO request urlopen ok 
2018-08-23 17:21:38,243 INFO request urlopen ok 
2018-08-23 17:21:40,071 INFO request urlopen ok 
2018-08-23 17:21:40,551 INFO request urlopen ok 
2018-08-23 17:21:43,683 INFO request urlopen ok 
2018-08-23 17:21:47,687 INFO request urlopen ok 
2018-08-23 17:21:48,163 INFO request urlopen ok 
2018-08-23 17:21:49,588 INFO request urlopen ok 
2018-08-23 17:21:49,789 INFO request urlopen ok 
2018-08-23 17:21:50,111 INFO request urlopen ok 
2018-08-23 17:21:57,573 INFO request urlopen ok 
2018-08-23 17:21:58,578 INFO request urlopen ok 
2018-08-23 17:22:00,615 INFO request urlopen ok 
2018-08-23 17:22:01,480 INFO request urlopen ok 
2018-08-23 17:22:03,446 INFO request urlopen ok 
2018-08-23 17:22:03,782 INFO request urlopen ok 
2018-08-23 17:22:04,162 INFO request urlopen ok 
2018-08-23 17:22:04,742 INFO request urlopen ok 
2018-08-23 17:22:06,975 INFO request urlopen ok 
2018-08-23 17:22:07,436 INFO request urlopen ok 
2018-08-23 17:22:07,937 INFO request urlopen ok 
2018-08-23 17:22:08,388 INFO request urlopen ok 
2018-08-23 17:22:11,058 INFO request urlopen ok 
2018-08-23 17:22:11,407 INFO request urlopen ok 
2018-08-23 17:22:14,622 INFO request urlopen ok 
2018-08-23 17:22:16,482 INFO request urlopen ok 
2018-08-23 17:22:17,051 INFO request urlopen ok 
2018-08-23 17:22:17,301 INFO request urlopen ok 
2018-08-23 17:22:19,003 INFO request urlopen ok 
2018-08-23 17:22:20,560 INFO request urlopen ok 
2018-08-23 17:22:21,213 INFO request urlopen ok 
2018-08-23 17:22:21,516 INFO request urlopen ok 
2018-08-23 17:22:21,653 INFO request urlopen ok 
2018-08-23 17:22:21,903 INFO request urlopen ok 
2018-08-23 17:22:24,224 INFO request urlopen ok 
2018-08-23 17:22:24,571 INFO request urlopen ok 
2018-08-23 17:22:25,083 INFO request urlopen ok 
2018-08-23 17:22:25,482 INFO request urlopen ok 
2018-08-23 17:22:25,851 INFO request urlopen ok 
2018-08-23 17:22:26,209 INFO request urlopen ok 
2018-08-23 17:22:29,836 INFO request urlopen ok 
2018-08-23 17:22:30,176 INFO request urlopen ok 
2018-08-23 17:22:30,660 INFO request urlopen ok 
2018-08-23 17:22:31,003 INFO request urlopen ok 
2018-08-23 17:22:31,020 INFO request urlopen ok 
2018-08-23 17:22:31,375 INFO request urlopen ok 
2018-08-23 17:22:36,921 INFO request urlopen ok 
2018-08-23 17:22:37,035 INFO request urlopen ok 
2018-08-23 17:22:37,338 INFO request urlopen ok 
2018-08-23 17:22:37,348 INFO request urlopen ok 
2018-08-23 17:22:38,266 INFO request urlopen ok 
2018-08-23 17:22:38,578 INFO request urlopen ok 
2018-08-23 17:22:41,462 INFO request urlopen ok 
2018-08-23 17:22:41,888 INFO request urlopen ok 
2018-08-23 17:22:42,523 INFO request urlopen ok 
2018-08-23 17:22:42,848 INFO request urlopen ok 
2018-08-23 17:22:42,852 INFO request urlopen ok 
2018-08-23 17:22:51,883 INFO request urlopen ok 
2018-08-23 17:27:00,584 INFO request urlopen ok 
2018-08-23 17:27:00,781 INFO request urlopen ok 
2018-08-23 17:27:01,509 INFO request urlopen ok 
2018-08-23 17:27:01,753 INFO request urlopen ok 
2018-08-23 17:27:02,610 INFO request urlopen ok 
2018-08-23 17:27:02,853 INFO request urlopen ok 
2018-08-23 17:27:06,990 INFO request urlopen ok 
2018-08-23 17:27:07,197 INFO request urlopen ok 
2018-08-23 17:27:08,614 INFO request urlopen ok 
2018-08-23 17:27:08,800 INFO request urlopen ok 
2018-08-23 17:27:09,972 INFO request urlopen ok 
2018-08-23 17:27:10,224 INFO request urlopen ok 
2018-08-23 17:27:12,380 INFO request urlopen ok 
2018-08-23 17:27:12,771 INFO request urlopen ok 
2018-08-23 17:27:18,694 INFO request urlopen ok 
2018-08-23 17:27:27,885 INFO request urlopen ok 
2018-08-23 17:27:33,936 INFO request urlopen ok 
2018-08-23 17:27:35,705 INFO request urlopen ok 
2018-08-23 17:27:40,708 INFO request urlopen ok 
2018-08-23 17:27:48,404 INFO request urlopen ok 
2018-08-23 17:27:53,243 INFO request urlopen ok 
2018-08-23 17:27:57,861 INFO request urlopen ok 
2018-08-23 17:28:08,593 INFO request urlopen ok 
2018-08-23 17:28:15,095 INFO request urlopen ok 
2018-08-23 17:28:17,474 INFO request urlopen ok 
2018-08-23 17:28:18,117 INFO request urlopen ok 
2018-08-23 17:28:24,118 INFO request urlopen ok 
2018-08-23 17:28:30,515 INFO request urlopen ok 
2018-08-23 17:28:40,932 INFO request urlopen ok 
2018-08-23 17:28:47,132 INFO request urlopen ok 
2018-08-23 17:28:47,445 INFO request urlopen ok 
2018-08-23 17:28:47,789 INFO request urlopen ok 
2018-08-23 17:28:50,942 INFO request urlopen ok 
2018-08-23 17:28:51,315 INFO request urlopen ok 
2018-08-23 17:28:52,536 INFO request urlopen ok 
2018-08-23 17:28:53,978 INFO request urlopen ok 
2018-08-23 17:29:01,590 INFO request urlopen ok 
2018-08-23 17:29:07,822 ERROR timed out 
2018-08-23 17:36:51,257 INFO request urlopen ok 
2018-08-23 17:36:53,306 INFO request urlopen ok 
2018-08-23 17:37:01,840 INFO request urlopen ok 
2018-08-23 17:45:38,232 INFO request urlopen ok 
2018-08-23 17:45:38,539 INFO request urlopen ok 
2018-08-23 17:45:39,186 INFO request urlopen ok 
2018-08-23 17:45:39,478 INFO request urlopen ok 
2018-08-23 17:45:39,998 INFO request urlopen ok 
2018-08-23 17:45:40,390 INFO request urlopen ok 
2018-08-23 17:45:41,046 INFO request urlopen ok 
2018-08-23 17:45:41,318 INFO request urlopen ok 
2018-08-23 17:45:41,746 INFO request urlopen ok 
2018-08-23 17:45:42,056 INFO request urlopen ok 
2018-08-23 17:45:42,446 INFO request urlopen ok 
2018-08-23 17:45:42,706 INFO request urlopen ok 
2018-08-23 17:45:43,135 INFO request urlopen ok 
2018-08-23 17:45:43,388 INFO request urlopen ok 
2018-08-23 17:45:43,799 INFO request urlopen ok 
2018-08-23 17:45:44,117 INFO request urlopen ok 
2018-08-23 17:45:44,621 INFO request urlopen ok 
2018-08-23 17:45:44,939 INFO request urlopen ok 
2018-08-23 17:45:45,424 INFO request urlopen ok 
2018-08-23 17:45:45,704 INFO request urlopen ok 
2018-08-23 17:45:46,027 INFO request urlopen ok 
2018-08-23 17:45:46,289 INFO request urlopen ok 
2018-08-23 17:45:46,694 INFO request urlopen ok 
2018-08-23 17:45:47,032 INFO request urlopen ok 
2018-08-23 17:45:47,689 INFO request urlopen ok 
2018-08-23 18:05:28,951 INFO request urlopen ok 
2018-08-23 18:05:29,298 INFO request urlopen ok 
2018-08-23 18:05:30,393 INFO request urlopen ok 
2018-08-23 18:05:30,741 INFO request urlopen ok 
2018-08-23 18:05:31,408 INFO request urlopen ok 
2018-08-23 18:05:31,841 INFO request urlopen ok 
2018-08-23 18:05:32,672 INFO request urlopen ok 
2018-08-23 18:05:33,005 INFO request urlopen ok 
2018-08-23 18:05:39,502 ERROR <urlopen error timed out> 
2018-08-23 18:09:11,857 ERROR <urlopen error [Errno 11004] getaddrinfo failed> 
2018-08-23 18:11:09,551 ERROR <urlopen error [Errno 11004] getaddrinfo failed> 
2018-08-23 18:11:11,902 ERROR <urlopen error [Errno 11004] getaddrinfo failed> 
2018-08-23 18:36:56,284 INFO request urlopen ok 
2018-08-23 18:36:59,179 INFO request urlopen ok 
2018-08-23 18:37:01,151 INFO request urlopen ok 
2018-08-23 18:37:01,494 INFO request urlopen ok 
2018-08-23 18:37:05,584 INFO request urlopen ok 
2018-08-23 18:37:05,934 INFO request urlopen ok 
2018-08-23 18:37:06,775 INFO request urlopen ok 
2018-08-23 18:37:07,053 INFO request urlopen ok 
2018-08-23 18:37:09,046 INFO request urlopen ok 
2018-08-23 18:37:09,281 INFO request urlopen ok 
2018-08-23 18:37:10,272 INFO request urlopen ok 
2018-08-23 18:37:10,562 INFO request urlopen ok 
2018-08-23 18:37:11,437 INFO request urlopen ok 
2018-08-23 18:37:11,764 INFO request urlopen ok 
2018-08-23 18:37:12,618 INFO request urlopen ok 
2018-08-23 18:37:12,903 INFO request urlopen ok 
2018-08-23 18:37:13,714 INFO request urlopen ok 
2018-08-23 18:37:14,083 INFO request urlopen ok 
2018-08-23 18:37:16,984 INFO request urlopen ok 
2018-08-23 18:37:17,232 INFO request urlopen ok 
2018-08-23 18:37:18,609 INFO request urlopen ok 
2018-08-23 18:37:19,919 INFO request urlopen ok 
2018-08-23 18:37:23,970 INFO request urlopen ok 
2018-08-23 18:37:24,303 INFO request urlopen ok 
2018-08-23 18:37:26,046 INFO request urlopen ok 
2018-08-23 18:40:54,773 INFO request urlopen ok 
2018-08-23 18:40:55,218 INFO request urlopen ok 
2018-08-23 18:40:57,607 INFO request urlopen ok 
2018-08-23 18:40:57,916 INFO request urlopen ok 
2018-08-23 18:40:58,765 INFO request urlopen ok 
2018-08-23 18:40:59,184 INFO request urlopen ok 
2018-08-23 18:41:00,439 INFO request urlopen ok 
2018-08-23 18:41:00,848 INFO request urlopen ok 
2018-08-23 18:41:03,484 INFO request urlopen ok 
2018-08-23 18:41:03,729 INFO request urlopen ok 
2018-08-23 18:41:09,229 INFO request urlopen ok 
2018-08-23 18:41:10,339 INFO request urlopen ok 
2018-08-23 18:41:13,208 INFO request urlopen ok 
2018-08-23 18:41:13,464 INFO request urlopen ok 
2018-08-23 18:41:15,980 INFO request urlopen ok 
2018-08-23 18:41:16,240 INFO request urlopen ok 
2018-08-23 18:41:23,213 INFO request urlopen ok 
2018-08-23 18:41:27,845 INFO request urlopen ok 
2018-08-23 18:41:32,093 INFO request urlopen ok 
2018-08-23 18:41:36,667 INFO request urlopen ok 
2018-08-23 18:41:38,647 INFO request urlopen ok 
2018-08-23 18:41:39,021 INFO request urlopen ok 
2018-08-23 18:41:44,872 INFO request urlopen ok 
2018-08-23 18:41:46,259 INFO request urlopen ok 
2018-08-23 18:41:51,014 INFO request urlopen ok 
2018-08-23 18:41:52,480 INFO request urlopen ok 
2018-08-23 18:41:53,747 INFO request urlopen ok 
2018-08-23 18:41:54,133 INFO request urlopen ok 
2018-08-23 18:41:55,817 INFO request urlopen ok 
2018-08-23 18:41:56,280 INFO request urlopen ok 
2018-08-23 18:41:57,563 INFO request urlopen ok 
2018-08-23 18:41:58,006 INFO request urlopen ok 
2018-08-23 18:42:00,515 INFO request urlopen ok 
2018-08-23 18:42:00,888 INFO request urlopen ok 
2018-08-23 18:42:04,200 INFO request urlopen ok 
2018-08-23 18:42:04,601 INFO request urlopen ok 
2018-08-23 18:42:07,071 INFO request urlopen ok 
2018-08-23 18:42:07,477 INFO request urlopen ok 
2018-08-23 18:42:08,633 INFO request urlopen ok 
2018-08-23 18:42:08,976 INFO request urlopen ok 
2018-08-23 18:42:14,579 INFO request urlopen ok 
2018-08-23 18:42:15,911 INFO request urlopen ok 
2018-08-23 18:42:25,273 INFO request urlopen ok 
2018-08-23 18:42:35,446 INFO request urlopen ok 
2018-08-23 18:42:46,520 INFO request urlopen ok 
2018-08-23 18:42:46,970 INFO request urlopen ok 
2018-08-23 18:42:56,642 INFO request urlopen ok 
2018-08-23 18:43:11,349 INFO request urlopen ok 
2018-08-23 18:43:12,989 INFO request urlopen ok 
2018-08-23 18:43:13,481 INFO request urlopen ok 
2018-08-23 18:43:29,158 INFO request urlopen ok 
2018-08-23 18:43:39,473 INFO request urlopen ok 
2018-08-23 18:43:47,490 INFO request urlopen ok 
2018-08-23 18:43:49,078 INFO request urlopen ok 
2018-08-23 18:43:52,341 INFO request urlopen ok 
2018-08-23 18:43:52,605 INFO request urlopen ok 
2018-08-23 18:44:04,079 INFO request urlopen ok 
2018-08-23 18:44:04,320 INFO request urlopen ok 
2018-08-23 18:44:19,642 INFO request urlopen ok 
2018-08-23 18:44:22,128 INFO request urlopen ok 
2018-08-23 18:44:23,390 INFO request urlopen ok 
2018-08-23 18:44:23,577 INFO request urlopen ok 
2018-08-23 18:44:32,067 INFO request urlopen ok 
2018-08-23 18:44:32,446 INFO request urlopen ok 
2018-08-23 18:44:34,916 INFO request urlopen ok 
2018-08-23 18:44:35,369 INFO request urlopen ok 
2018-08-23 18:44:36,115 INFO request urlopen ok 
2018-08-23 18:44:36,350 INFO request urlopen ok 
2018-08-23 18:44:46,619 INFO request urlopen ok 
2018-08-23 18:44:48,115 INFO request urlopen ok 
2018-08-23 18:44:59,992 INFO request urlopen ok 
2018-08-23 18:45:00,636 INFO request urlopen ok 
2018-08-23 18:45:02,059 INFO request urlopen ok 
2018-08-23 18:45:02,404 INFO request urlopen ok 
2018-08-23 18:45:08,943 INFO request urlopen ok 
2018-08-23 19:11:41,378 INFO request urlopen ok 
2018-08-23 19:11:41,790 INFO request urlopen ok 
2018-08-23 19:11:42,204 INFO request urlopen ok 
2018-08-23 19:11:42,828 INFO request urlopen ok 
2018-08-23 19:11:44,389 INFO request urlopen ok 
2018-08-23 19:11:46,606 INFO request urlopen ok 
2018-08-23 19:16:17,005 INFO request urlopen ok 
2018-08-23 19:16:17,197 INFO request urlopen ok 
2018-08-23 19:16:17,623 INFO request urlopen ok 
2018-08-23 19:16:21,090 INFO request urlopen ok 
2018-08-23 19:16:22,074 INFO request urlopen ok 
2018-08-23 19:16:22,861 INFO request urlopen ok 
2018-08-23 19:16:23,507 INFO request urlopen ok 
2018-08-23 19:16:24,806 INFO request urlopen ok 
2018-08-23 19:16:31,220 INFO request urlopen ok 
2018-08-23 19:16:42,074 INFO request urlopen ok 
2018-08-23 19:16:51,334 INFO request urlopen ok 
2018-08-23 19:16:59,149 INFO request urlopen ok 
2018-08-23 19:17:06,699 INFO request urlopen ok 
2018-08-23 19:17:11,138 INFO request urlopen ok 
2018-08-23 19:17:20,000 INFO request urlopen ok 
2018-08-23 19:17:27,239 INFO request urlopen ok 
2018-08-23 19:17:29,143 INFO request urlopen ok 
2018-08-23 19:17:35,175 INFO request urlopen ok 
2018-08-23 19:17:38,285 INFO request urlopen ok 
2018-08-23 19:17:43,879 INFO request urlopen ok 
2018-08-23 19:17:44,142 INFO request urlopen ok 
2018-08-23 19:17:49,197 INFO request urlopen ok 
2018-08-23 19:17:53,292 INFO request urlopen ok 
2018-08-23 19:17:59,082 INFO request urlopen ok 
2018-08-23 19:18:05,109 INFO request urlopen ok 
2018-08-23 19:18:10,392 INFO request urlopen ok 
2018-08-23 19:18:16,994 INFO request urlopen ok 
2018-08-23 19:18:25,151 INFO request urlopen ok 
2018-08-23 19:18:26,339 INFO request urlopen ok 
2018-08-23 19:18:32,089 INFO request urlopen ok 
2018-08-23 19:18:36,266 INFO request urlopen ok 
2018-08-23 19:18:40,672 INFO request urlopen ok 
2018-08-23 19:18:40,802 INFO request urlopen ok 
2018-08-23 19:18:41,045 INFO request urlopen ok 
2018-08-23 19:18:41,405 INFO request urlopen ok 
2018-08-23 19:18:46,927 INFO request urlopen ok 
2018-08-23 19:18:51,110 INFO request urlopen ok 
2018-08-23 19:18:53,824 INFO request urlopen ok 
2018-08-23 19:18:59,096 INFO request urlopen ok 
2018-08-23 19:18:59,830 INFO request urlopen ok 
2018-08-23 19:19:02,920 INFO request urlopen ok 
2018-08-23 19:19:03,233 INFO request urlopen ok 
2018-08-23 19:19:03,927 INFO request urlopen ok 
2018-08-23 19:19:04,138 INFO request urlopen ok 
2018-08-23 19:19:04,587 INFO request urlopen ok 
2018-08-23 19:19:05,035 INFO request urlopen ok 
2018-08-23 19:19:05,206 INFO request urlopen ok 
2018-08-23 19:19:05,331 INFO request urlopen ok 
2018-08-23 19:19:05,471 INFO request urlopen ok 
2018-08-23 19:19:05,842 INFO request urlopen ok 
2018-08-23 19:19:13,423 INFO request urlopen ok 
2018-08-23 19:19:16,364 INFO request urlopen ok 
2018-08-23 19:19:20,623 INFO request urlopen ok 
2018-08-23 19:31:55,737 INFO request urlopen ok 
2018-08-23 19:36:55,198 INFO request urlopen ok 
2018-08-23 19:36:55,509 INFO request urlopen ok 
2018-08-23 19:36:56,270 INFO request urlopen ok 
2018-08-23 19:36:56,879 INFO request urlopen ok 
2018-08-23 19:36:57,400 INFO request urlopen ok 
2018-08-23 19:36:57,774 INFO request urlopen ok 
2018-08-23 19:36:58,181 INFO request urlopen ok 
2018-08-23 19:36:58,542 INFO request urlopen ok 
2018-08-23 19:36:59,162 INFO request urlopen ok 
2018-08-23 19:36:59,617 INFO request urlopen ok 
2018-08-23 19:37:00,092 INFO request urlopen ok 
2018-08-23 19:37:00,448 INFO request urlopen ok 
2018-08-23 19:37:00,854 INFO request urlopen ok 
2018-08-23 19:37:57,931 INFO request urlopen ok 
2018-08-23 19:37:58,081 INFO request urlopen ok 
2018-08-23 19:37:58,871 INFO request urlopen ok 
2018-08-23 19:38:01,174 INFO request urlopen ok 
2018-08-23 19:38:02,050 INFO request urlopen ok 
2018-08-23 19:38:02,651 INFO request urlopen ok 
2018-08-23 19:38:03,092 INFO request urlopen ok 
2018-08-23 19:38:03,919 INFO request urlopen ok 
2018-08-23 19:38:08,581 INFO request urlopen ok 
2018-08-23 19:38:13,293 INFO request urlopen ok 
2018-08-23 19:38:17,237 INFO request urlopen ok 
2018-08-23 19:38:20,640 INFO request urlopen ok 
2018-08-23 19:38:23,508 INFO request urlopen ok 
2018-08-23 19:38:25,323 INFO request urlopen ok 
2018-08-23 19:38:29,277 INFO request urlopen ok 
2018-08-23 19:38:32,799 INFO request urlopen ok 
2018-08-23 19:38:33,952 INFO request urlopen ok 
2018-08-23 19:38:36,256 INFO request urlopen ok 
2018-08-23 19:38:40,975 INFO request urlopen ok 
2018-08-23 19:38:44,710 INFO request urlopen ok 
2018-08-23 19:38:44,938 INFO request urlopen ok 
2018-08-23 19:38:48,505 INFO request urlopen ok 
2018-08-23 19:38:50,915 INFO request urlopen ok 
2018-08-23 19:38:54,568 INFO request urlopen ok 
2018-08-23 19:38:58,709 INFO request urlopen ok 
2018-08-23 19:39:02,230 INFO request urlopen ok 
2018-08-23 19:39:06,193 INFO request urlopen ok 
2018-08-23 19:39:09,945 INFO request urlopen ok 
2018-08-23 19:39:10,671 INFO request urlopen ok 
2018-08-23 19:39:14,378 INFO request urlopen ok 
2018-08-23 19:39:16,984 INFO request urlopen ok 
2018-08-23 19:39:20,176 INFO request urlopen ok 
2018-08-23 19:39:20,305 INFO request urlopen ok 
2018-08-23 19:39:20,479 INFO request urlopen ok 
2018-08-23 19:39:20,847 INFO request urlopen ok 
2018-08-23 19:39:26,413 INFO request urlopen ok 
2018-08-23 19:39:29,902 INFO request urlopen ok 
2018-08-23 19:39:31,165 INFO request urlopen ok 
2018-08-23 19:39:34,601 INFO request urlopen ok 
2018-08-23 19:39:35,219 INFO request urlopen ok 
2018-08-23 19:39:38,778 INFO request urlopen ok 
2018-08-23 19:39:39,095 INFO request urlopen ok 
2018-08-23 19:39:40,480 INFO request urlopen ok 
2018-08-23 19:39:40,658 INFO request urlopen ok 
2018-08-23 19:39:41,293 INFO request urlopen ok 
2018-08-23 19:39:41,624 INFO request urlopen ok 
2018-08-23 19:39:41,751 INFO request urlopen ok 
2018-08-23 19:39:41,883 INFO request urlopen ok 
2018-08-23 19:39:42,043 INFO request urlopen ok 
2018-08-23 19:39:42,473 INFO request urlopen ok 
2018-08-23 19:39:45,531 INFO request urlopen ok 
2018-08-23 19:39:51,916 INFO request urlopen ok 
2018-08-23 19:39:56,530 INFO request urlopen ok 
2018-08-23 20:24:28,561 INFO request urlopen ok 
2018-08-23 20:24:28,964 INFO request urlopen ok 
2018-08-23 20:24:29,656 INFO request urlopen ok 
2018-08-23 20:24:30,252 INFO request urlopen ok 
2018-08-23 20:24:31,777 INFO request urlopen ok 
2018-08-23 20:24:32,404 INFO request urlopen ok 
2018-08-23 20:24:35,999 INFO request urlopen ok 
2018-08-23 20:24:37,169 INFO request urlopen ok 
2018-08-23 20:24:38,681 INFO request urlopen ok 
2018-08-23 20:24:41,990 INFO request urlopen ok 
2018-08-23 20:24:45,025 INFO request urlopen ok 
2018-08-23 20:24:46,169 INFO request urlopen ok 
2018-08-23 20:24:49,228 INFO request urlopen ok 
2018-08-23 20:24:55,258 INFO request urlopen ok 
2018-08-23 20:24:55,876 INFO request urlopen ok 
2018-08-23 20:24:56,807 INFO request urlopen ok 
2018-08-23 20:24:58,056 INFO request urlopen ok 
2018-08-23 20:25:00,203 INFO request urlopen ok 
2018-08-23 20:25:04,375 INFO request urlopen ok 
2018-08-23 20:25:13,674 INFO request urlopen ok 
2018-08-23 20:25:20,356 INFO request urlopen ok 
2018-08-23 20:25:28,815 INFO request urlopen ok 
2018-08-23 20:25:32,413 INFO request urlopen ok 
2018-08-23 20:25:36,568 INFO request urlopen ok 
2018-08-23 20:25:40,011 INFO request urlopen ok 
2018-08-23 20:25:40,712 INFO request urlopen ok 
2018-08-23 20:25:45,805 INFO request urlopen ok 
2018-08-23 20:25:46,962 INFO request urlopen ok 
2018-08-23 20:25:48,097 INFO request urlopen ok 
2018-08-23 20:25:50,771 INFO request urlopen ok 
2018-08-23 20:25:56,511 INFO request urlopen ok 
2018-08-23 20:25:56,873 INFO request urlopen ok 
2018-08-23 20:26:32,739 INFO request urlopen ok 
2018-08-23 20:26:33,057 INFO request urlopen ok 
2018-08-23 20:26:33,753 INFO request urlopen ok 
2018-08-23 20:26:34,228 INFO request urlopen ok 
2018-08-23 20:26:34,626 INFO request urlopen ok 
2018-08-23 20:26:35,029 INFO request urlopen ok 
2018-08-23 20:26:35,433 INFO request urlopen ok 
2018-08-23 20:26:35,955 INFO request urlopen ok 
2018-08-23 20:26:36,457 INFO request urlopen ok 
2018-08-23 20:26:36,855 INFO request urlopen ok 
2018-08-23 20:26:37,528 INFO request urlopen ok 
2018-08-23 20:26:38,102 INFO request urlopen ok 
2018-08-23 20:26:40,428 INFO request urlopen ok 
2018-08-23 20:27:45,850 INFO request urlopen ok 
2018-08-23 20:27:46,038 INFO request urlopen ok 
2018-08-23 20:27:46,379 INFO request urlopen ok 
2018-08-23 20:27:47,596 INFO request urlopen ok 
2018-08-23 20:27:48,113 INFO request urlopen ok 
2018-08-23 20:27:48,723 INFO request urlopen ok 
2018-08-23 20:27:49,571 INFO request urlopen ok 
2018-08-23 20:27:51,401 INFO request urlopen ok 
2018-08-23 20:27:55,361 INFO request urlopen ok 
2018-08-23 20:28:00,699 INFO request urlopen ok 
2018-08-23 20:28:05,264 INFO request urlopen ok 
2018-08-23 20:28:08,446 INFO request urlopen ok 
2018-08-23 20:28:11,333 INFO request urlopen ok 
2018-08-23 20:28:13,206 INFO request urlopen ok 
2018-08-23 20:28:17,744 INFO request urlopen ok 
2018-08-23 20:28:20,952 INFO request urlopen ok 
2018-08-23 20:28:22,108 INFO request urlopen ok 
2018-08-23 20:28:24,594 INFO request urlopen ok 
2018-08-23 20:28:26,285 INFO request urlopen ok 
2018-08-23 20:28:31,271 INFO request urlopen ok 
2018-08-23 20:28:31,506 INFO request urlopen ok 
2018-08-23 20:28:34,651 INFO request urlopen ok 
2018-08-23 20:28:37,185 INFO request urlopen ok 
2018-08-23 20:28:41,209 INFO request urlopen ok 
2018-08-23 20:28:44,270 INFO request urlopen ok 
2018-08-23 20:28:48,186 INFO request urlopen ok 
2018-08-23 20:28:53,420 INFO request urlopen ok 
2018-08-23 20:28:58,463 INFO request urlopen ok 
2018-08-23 20:28:59,201 INFO request urlopen ok 
2018-08-23 20:29:02,621 INFO request urlopen ok 
2018-08-23 20:29:05,658 INFO request urlopen ok 
2018-08-23 20:29:08,140 INFO request urlopen ok 
2018-08-23 20:29:08,296 INFO request urlopen ok 
2018-08-23 20:29:08,435 INFO request urlopen ok 
2018-08-23 20:29:08,759 INFO request urlopen ok 
2018-08-23 20:29:12,048 INFO request urlopen ok 
2018-08-23 20:29:15,326 INFO request urlopen ok 
2018-08-23 20:29:16,218 INFO request urlopen ok 
2018-08-23 20:29:19,198 INFO request urlopen ok 
2018-08-23 20:29:19,980 INFO request urlopen ok 
2018-08-23 20:29:22,677 INFO request urlopen ok 
2018-08-23 20:29:22,979 INFO request urlopen ok 
2018-08-23 20:29:23,732 INFO request urlopen ok 
2018-08-23 20:29:23,918 INFO request urlopen ok 
2018-08-23 20:29:24,352 INFO request urlopen ok 
2018-08-23 20:29:24,672 INFO request urlopen ok 
2018-08-23 20:29:24,782 INFO request urlopen ok 
2018-08-23 20:29:24,911 INFO request urlopen ok 
2018-08-23 20:29:25,036 INFO request urlopen ok 
2018-08-23 20:29:25,286 INFO request urlopen ok 
2018-08-23 20:29:30,596 INFO request urlopen ok 
2018-08-23 20:29:33,911 INFO request urlopen ok 
2018-08-23 20:29:36,851 INFO request urlopen ok 
2018-08-23 20:34:00,569 INFO request urlopen ok 
2018-08-23 20:36:26,851 INFO request urlopen ok 
2018-08-23 20:37:48,707 INFO request urlopen ok 
2018-08-23 20:41:45,353 INFO request urlopen ok 
2018-08-23 20:44:25,371 INFO request urlopen ok 
2018-08-23 20:52:50,570 INFO request urlopen ok 
2018-08-23 20:52:50,875 INFO request urlopen ok 
2018-08-23 20:52:51,790 INFO request urlopen ok 
2018-08-23 20:52:52,328 INFO request urlopen ok 
2018-08-23 20:52:52,881 INFO request urlopen ok 
2018-08-23 20:52:53,341 INFO request urlopen ok 
2018-08-23 20:52:56,728 INFO request urlopen ok 
2018-08-23 20:52:57,076 INFO request urlopen ok 
2018-08-23 20:52:57,496 INFO request urlopen ok 
2018-08-23 20:52:57,891 INFO request urlopen ok 
2018-08-23 20:52:58,500 INFO request urlopen ok 
2018-08-23 20:52:58,965 INFO request urlopen ok 
2018-08-23 20:52:59,753 INFO request urlopen ok 
2018-08-23 20:53:37,487 INFO request urlopen ok 
2018-08-23 20:54:55,049 INFO request urlopen ok 
2018-08-23 20:54:55,423 INFO request urlopen ok 
2018-08-23 20:54:56,809 INFO request urlopen ok 
2018-08-23 20:54:57,336 INFO request urlopen ok 
2018-08-23 20:54:58,079 INFO request urlopen ok 
2018-08-23 20:55:00,034 INFO request urlopen ok 
2018-08-23 20:55:01,530 INFO request urlopen ok 
2018-08-23 20:55:02,049 INFO request urlopen ok 
2018-08-23 20:56:36,531 INFO request urlopen ok 
2018-08-23 20:56:37,230 INFO request urlopen ok 
2018-08-23 20:56:38,324 INFO request urlopen ok 
2018-08-23 20:56:38,832 INFO request urlopen ok 
2018-08-23 20:56:39,929 INFO request urlopen ok 
2018-08-23 20:56:40,426 INFO request urlopen ok 
2018-08-23 20:56:41,408 INFO request urlopen ok 
2018-08-23 20:56:41,710 INFO request urlopen ok 
2018-08-23 20:56:42,383 INFO request urlopen ok 
2018-08-23 20:56:42,985 INFO request urlopen ok 
2018-08-23 20:56:43,829 INFO request urlopen ok 
2018-08-23 20:56:44,343 INFO request urlopen ok 
2018-08-23 20:56:44,713 INFO request urlopen ok 
2018-08-23 20:58:21,916 INFO request urlopen ok 
2018-08-23 20:58:22,374 INFO request urlopen ok 
2018-08-23 20:58:23,040 INFO request urlopen ok 
2018-08-23 20:58:23,754 INFO request urlopen ok 
2018-08-23 20:58:24,344 INFO request urlopen ok 
2018-08-23 20:58:27,520 INFO request urlopen ok 
2018-08-23 20:58:31,292 INFO request urlopen ok 
2018-08-23 21:01:49,973 INFO request urlopen ok 
2018-08-23 21:01:50,332 INFO request urlopen ok 
2018-08-23 21:01:50,829 INFO request urlopen ok 
2018-08-23 21:01:51,586 INFO request urlopen ok 
2018-08-23 21:01:52,033 INFO request urlopen ok 
2018-08-23 21:01:52,554 INFO request urlopen ok 
2018-08-23 21:01:55,809 INFO request urlopen ok 
2018-08-23 21:02:22,316 INFO request urlopen ok 
2018-08-23 21:02:22,659 INFO request urlopen ok 
2018-08-23 21:02:23,108 INFO request urlopen ok 
2018-08-23 21:02:23,703 INFO request urlopen ok 
2018-08-23 21:02:24,178 INFO request urlopen ok 
2018-08-23 21:02:24,495 INFO request urlopen ok 
2018-08-23 21:02:24,878 INFO request urlopen ok 
2018-08-23 21:02:25,223 INFO request urlopen ok 
2018-08-23 21:02:26,752 INFO request urlopen ok 
2018-08-23 21:02:27,401 INFO request urlopen ok 
2018-08-23 21:02:27,712 INFO request urlopen ok 
2018-08-23 21:02:28,092 INFO request urlopen ok 
2018-08-23 21:02:28,494 INFO request urlopen ok 
2018-08-23 21:06:59,681 INFO request urlopen ok 
2018-08-23 21:06:59,893 INFO request urlopen ok 
2018-08-23 21:07:00,333 INFO request urlopen ok 
2018-08-23 21:07:00,912 INFO request urlopen ok 
2018-08-23 21:07:01,704 INFO request urlopen ok 
2018-08-23 21:07:01,971 INFO request urlopen ok 
2018-08-23 21:07:02,622 INFO request urlopen ok 
2018-08-23 21:07:03,251 INFO request urlopen ok 
